make.exe all --print-data-base --no-builtin-variables --no-builtin-rules --question
# GNU Make 4.3
# Built for Windows32
# Copyright (C) 1988-2020 Free Software Foundation, Inc.
# License GPLv3+: GNU GPL version 3 or later <http://gnu.org/licenses/gpl.html>
# This is free software: you are free to change and redistribute it.
# There is NO WARRANTY, to the extent permitted by law.
 

# Make data base, printed on Sat Jul 02 15:06:09 2022

# Variables

# environment
SYSTEMDRIVE = C:
# environment
JAVA_HOME = C:\Program Files\Java\jdk1.8.0_191
# environment
LC_ALL = C
# environment
USERPROFILE = C:\Users\lakshya.sharma
# environment
IMSTATUS = \\cbj-s-55027.asia-pac.shell.com\IMSTATUS$
# environment
LOCALAPPDATA = C:\Users\lakshya.sharma\AppData\Local
# environment
VSCODE_IPC_HOOK_EXTHOST = \\.\pipe\vscode-ipc-5d83e4af-9cdc-415f-828a-e8c5a8eaeff2-sock
# environment
VSCODE_CWD = C:\Users\lakshya.sharma\Desktop\Reskilling\5_Azure\Project_2\lakshya-ci-cd
# environment
CHOCOLATEYINSTALL = C:\ProgramData\chocolatey
# environment
SYSTEMROOT = C:\WINDOWS
# environment
PROCESSOR_LEVEL = 6
# environment
PSMODULEPATH = C:\Program Files\WindowsPowerShell\Modules;C:\WINDOWS\system32\WindowsPowerShell\v1.0\Modules
# default
MAKE_COMMAND := C:/ProgramData/chocolatey/lib/make/tools/install/bin/make.exe
# environment
USERDNSDOMAIN = ASIA-PAC.SHELL.COM
# automatic
@D = $(patsubst %/,%,$(patsubst %\,%,$(dir $@)))
# environment
CHROME_CRASHPAD_PIPE_NAME = \\.\pipe\crashpad_27580_IHFPRFBRCKYSSFWF
# environment
ONEDRIVECOMMERCIAL = C:\Users\lakshya.sharma\OneDrive - Shell
# environment
VSCODE_HANDLES_UNCAUGHT_ERRORS = true
# default
.VARIABLES := 
# automatic
%D = $(patsubst %/,%,$(patsubst %\,%,$(dir $%)))
# automatic
^D = $(patsubst %/,%,$(patsubst %\,%,$(dir $^)))
# environment
VSCODE_LOG_STACK = false
# automatic
%F = $(notdir $%)
# environment
VSCODE_CODE_CACHE_PATH = C:\Users\lakshya.sharma\AppData\Roaming\Code\CachedData\30d9c6cd9483b2cc586687151bcbcd635f373630
# environment
LANG = C
# default
.LOADED := 
# environment
TMP = C:\Users\LAKSHY~1.SHA\AppData\Local\Temp
# default
.INCLUDE_DIRS = .
# environment
PROCESSOR_ARCHITEW6432 = AMD64
# makefile
MAKEFLAGS = pqrR
# environment
KUBECONFIG = C:\Users\lakshya.sharma\.kube\config
# environment
ONEDRIVE = C:\Users\lakshya.sharma\OneDrive - Shell
# environment
INTELLIJ IDEA COMMUNITY EDITION = C:\Program Files\JetBrains\IntelliJ IDEA Community Edition 2019.2.3\bin;
# makefile
CURDIR := c:/Users/lakshya.sharma/Desktop/Reskilling/5_Azure/Project_2/lakshya-ci-cd
# environment
VSCODE_PIPE_LOGGING = true
# environment
TNSNAMES = C:\Oracle\Configuration\
# environment
APPLICATION_INSIGHTS_NO_DIAGNOSTIC_CHANNEL = 1
# automatic
*D = $(patsubst %/,%,$(patsubst %\,%,$(dir $*)))
# environment
STEELCENTRAL_ATERNITY_AGENT_HOME = C:\Program Files (x86)\Aternity Information Systems\Agent\
# environment
PROGRAMFILES = C:\Program Files (x86)
# environment
MFLAGS = -pqrR
# default
.SHELLFLAGS := -c
# environment
COMMONPROGRAMW6432 = C:\Program Files\Common Files
# automatic
+D = $(patsubst %/,%,$(patsubst %\,%,$(dir $+)))
# makefile (from 'Makefile', line 1)
MAKEFILE_LIST := Makefile
# automatic
@F = $(notdir $@)
# environment
VSCODE_VERBOSE_LOGGING = true
# environment
VSCODE_PID = 27580
# automatic
?D = $(patsubst %/,%,$(patsubst %\,%,$(dir $?)))
# environment
__PSLOCKDOWNPOLICY = 0
# automatic
*F = $(notdir $*)
# environment
AWS_PROFILE = UdacityFlaskDeployCBKubectlRole
# automatic
<D = $(patsubst %/,%,$(patsubst %\,%,$(dir $<)))
# environment
SSF_LIBRARY_PATH_64 = C:\Program Files\SAP\FrontEnd\SecureLogin\lib\sapcrypto.dll
# environment
VSCODE_NLS_CONFIG = {"locale":"en-us","availableLanguages":{},"_languagePackSupport":true}
# environment
SSF_LIBRARY_PATH = C:\Program Files (x86)\SAP\FrontEnd\SecureLogin\lib\sapcrypto.dll
# default
MAKE_HOST := Windows32
# environment
ANDROID_HOME = C:\Users\lakshya.sharma\AppData\Local\Android\Sdk
# environment
ATERNITY_AGENT_HOME = C:\Program Files (x86)\Aternity Information Systems\Agent\
# environment
PROGRAMDATA = C:\ProgramData
# default
SHELL := sh.exe
# environment
HOMEPATH = \Users\lakshya.sharma
# default
MAKECMDGOALS := all
# environment
DRIVERDATA = C:\Windows\System32\Drivers\DriverData
# environment
COMSPEC = C:\WINDOWS\system32\cmd.exe
# environment
WINDIR = C:\WINDOWS
# environment
MAKELEVEL := 0
# default
MAKE = $(MAKE_COMMAND)
# environment
SNC_LIB = C:\Program Files (x86)\SAP\FrontEnd\SecureLogin\lib\sapcrypto.dll
# environment
PATH = C:\Program Files (x86)\Microsoft SDKs\Azure\CLI2\wbin;C:\bin;C:\Program Files\Python38\Scripts\;C:\Program Files\Python38\;C:\Program Files (x86)\Common Files\Oracle\Java\javapath;C:\WINDOWS\system32;C:\WINDOWS;C:\WINDOWS\System32\Wbem;C:\WINDOWS\System32\WindowsPowerShell\v1.0\;C:\WINDOWS\System32\OpenSSH\;C:\Program Files\1E\Client\Extensibility\NomadBranch;C:\Program Files\Java\jdk1.8.0_191\bin;C:\Program Files (x86)\apache-maven-3.6.0\bin;C:\Program Files (x86)\Microsoft SQL Server\150\DTS\Binn\;C:\Program Files\Azure Data Studio\bin;C:\Program Files\nodejs\;C:\Program Files\dotnet\;C:\Program Files\Git\cmd;C:\ProgramData\chocolatey\bin;C:\Program Files\Docker\Docker\resources\bin;C:\ProgramData\DockerDesktop\version-bin;C:\Program Files\Amazon\AWSCLIV2\;C:\Users\lakshya.sharma\.cargo\bin;C:\Users\lakshya.sharma\AppData\Local\Microsoft\WindowsApps;C:\Users\lakshya.sharma\AppData\Local\Programs\Microsoft VS Code\bin;C:\Program Files\JetBrains\IntelliJ IDEA Community Edition 2019.2.3\bin;;C:\Users\lakshya.sharma\AppData\Local\Programs\Git\cmd;C:\Program Files\Azure Data Studio\bin;C:\Users\lakshya.sharma\AppData\Roaming\npm;C:\Mobile Install\imobiledevice-x64-1.2.1-r223;C:\Users\lakshya.sharma\.dotnet\tools;C:\Users\lakshya.sharma\AppData\Local\Android\Sdk\platform-tools;C:\Program Files\PostgreSQL\14\bin;C:\Program Files\PostgreSQL\14\lib;C:\Users\lakshya.sharma\AppData\Local\Programs\Python\Python310\Scripts;C:\Users\lakshya.sharma\AppData\Local\Programs\Python\Python310;C:\Program Files\Git\mingw64\bin;C:\Users\lakshya.sharma\Downloads;C:\Users\lakshya.sharma\AppData\Roaming\Python\Python38\Scripts;
# environment
ZES_ENABLE_SYSMAN = 1
# environment
COMPUTERNAME = BNGECO-L-87162
# default
MAKEFILES := 
# automatic
^F = $(notdir $^)
# environment
PROMPT = $P$G
# environment
CHOCOLATEYLASTPATHUPDATE = 133002605401796876
# environment
SNC_LIB_64 = C:\Program Files\SAP\FrontEnd\SecureLogin\lib\sapcrypto.dll
# environment
LOGONSERVER = \\PEJJBT-S-51009
# environment
VSCODE_LOG_NATIVE = false
# environment
USERNAME = Lakshya.Sharma
# environment
COMMONPROGRAMFILES = C:\Program Files (x86)\Common Files
# automatic
?F = $(notdir $?)
# environment
PROGRAMW6432 = C:\Program Files
# environment
PATHEXT = .COM;.EXE;.BAT;.CMD;.VBS;.VBE;.JS;.JSE;.WSF;.WSH;.MSC;.PY;.PYW
# automatic
+F = $(notdir $+)
# environment
ORIGINAL_XDG_CURRENT_DESKTOP = undefined
# environment
MSIPATH2 = C:\MSI
# environment
MAVEN_HOME = C:\Program Files (x86)\apache-maven-3.6.0
# environment
USERDOMAIN = ASIA-PAC
# 'override' directive
GNUMAKEFLAGS := 
# environment
OS = Windows_NT
# makefile
.DEFAULT_GOAL := setup
# default
MAKE_VERSION := 4.3
# environment
PROGRAMFILES(X86) = C:\Program Files (x86)
# environment
UATDATA = C:\Windows\CCM\UATData\D9F8C395-CAB8-491d-B8AC-179A1FE1BE77
# environment
USERDOMAIN_ROAMINGPROFILE = ASIA-PAC
# environment
NUMBER_OF_PROCESSORS = 8
# environment
PUBLIC = C:\Users\Public
# environment
ASL.LOG = Destination=file
# environment
APPDATA = C:\Users\lakshya.sharma\AppData\Roaming
# environment
HOMEDRIVE = C:
# environment
PROCESSOR_ARCHITECTURE = x86
# environment
TNS_ADMIN = C:\Oracle\Configuration\
# environment
VSCODE_AMD_ENTRYPOINT = vs/workbench/api/node/extensionHostProcess
# environment
COMMONPROGRAMFILES(X86) = C:\Program Files (x86)\Common Files
# environment
ELECTRON_RUN_AS_NODE = 1
# environment
TEMP = C:\Users\LAKSHY~1.SHA\AppData\Local\Temp
# environment
VSCODE_IPC_HOOK = \\.\pipe\9d99db6e69f765a499a0404068638c5f-1.68.1-main-sock
# default
.RECIPEPREFIX := 
# automatic
<F = $(notdir $<)
# default
SUFFIXES := 
# environment
ALLUSERSPROFILE = C:\ProgramData
# environment
SESSIONNAME = Console
# environment
MSIPATH3 = \\cbj-s-55027.asia-pac.shell.com\UFT$
# default
.FEATURES := target-specific order-only second-expansion else-if shortest-stem undefine oneshell nocomment grouped-target extra-prereqs archives jobserver output-sync load
# environment
PROCESSOR_REVISION = 8e0c
# environment
MSIPATH1 = \\Asia-Pac.shell.com\General\CBJ\DIST$
# environment
PROCESSOR_IDENTIFIER = Intel64 Family 6 Model 142 Stepping 12, GenuineIntel
# variable set hash-table stats:
# Load=118/1024=12%, Rehash=0, Collisions=8/148=5%

# Pattern-specific Variable Values

# No pattern-specific variable values.

# Directories

# . (key c:/Users/lakshya.sharma/Desktop/Reskilling/5_Azure/Project_2/lakshya-ci-cd, mtime 1656754565): 15 files, no impossibilities.

# 15 files, no impossibilities in 1 directories.

# Implicit Rules

# No implicit rules.

# Files

setup:
#  Implicit rule search has not been done.
#  Modification time never checked.
#  File has not been updated.
#  recipe to execute (from 'Makefile', line 2):
	python3 -m venv ~/.udacity-devops

lint:
#  Implicit rule search has not been done.
#  Modification time never checked.
#  File has not been updated.
#  recipe to execute (from 'Makefile', line 14):
	#hadolint Dockerfile #uncomment to explore linting Dockerfiles
	pylint --disable=R,C,W1203 app.py

# Not a target:
Makefile:
#  Implicit rule search has been done.
#  Last modified 2022-07-02 15:04:57
#  File has been updated.
#  Successfully updated.

# Not a target:
.DEFAULT:
#  Implicit rule search has not been done.
#  Modification time never checked.
#  File has not been updated.

all: install lint test
#  Command line target.
#  Implicit rule search has been done.
#  File does not exist.
#  File has been updated.
#  Needs to be updated (-q is set).
# variable set hash-table stats:
# Load=0/32=0%, Rehash=0, Collisions=0/3=0%

test:
#  Implicit rule search has not been done.
#  Modification time never checked.
#  File has not been updated.
#  recipe to execute (from 'Makefile', line 9):
	#python -m pytest -vv --cov=myrepolib tests/*.py
	#python -m pytest --nbval notebook.ipynb

install:
#  Implicit rule search has not been done.
#  Implicit/static pattern stem: ''
#  File does not exist.
#  File has been updated.
#  Needs to be updated (-q is set).
# automatic
# @ := install
# automatic
# * := 
# automatic
# < := 
# automatic
# + := 
# automatic
# % := 
# automatic
# ^ := 
# automatic
# ? := 
# automatic
# | := 
# variable set hash-table stats:
# Load=8/32=25%, Rehash=0, Collisions=1/11=9%
#  recipe to execute (from 'Makefile', line 5):
	pip install --upgrade pip &&\
		pip install -r requirements.txt

# Not a target:
.SUFFIXES:
#  Implicit rule search has not been done.
#  Modification time never checked.
#  File has not been updated.

# files hash-table stats:
# Load=8/1024=1%, Rehash=0, Collisions=0/23=0%
# VPATH Search Paths

# No 'vpath' search paths.

# No general ('VPATH' variable) search path.

# strcache buffers: 1 (0) / strings  
= 22 / storage = 253 B / avg = 11 B
# current buf: size = 8174 B / used = 253 B / count = 22 / avg = 11 B

# strcache performance: lookups = 36 / hit rate = 38%
# hash-table stats:
# Load=22/8192=0%, Rehash=0, Collisions=0/36=0%
# Finished Make data base on Sat Jul 02 15:06:09 2022

 
